Unexpected Error Occured

on process undefined, nodejs v8.9.3

                       Version d'Horizon : 1.5
                         Serveur courant : main-shared
                   Canal de mises à jour : nightly
                 Temps de fonctionnement : 0.72ms
                  Plate-forme du serveur : Windows_NT
              Version de l'OS du serveur : 10.0.17763
                 Architecture du serveur : x64
                            Mémoire vive : 688 Mio libres sur 4093 Mio
                   Processeur du serveur : undefined

-----------------------------------------

Unexpected Error Occured

on process undefined, nodejs v8.9.3

                       Version d'Horizon : 1.5
                         Serveur courant : main-shared
                   Canal de mises à jour : nightly
                 Temps de fonctionnement : 0.576ms
                  Plate-forme du serveur : Windows_NT
              Version de l'OS du serveur : 10.0.17763
                 Architecture du serveur : x64
                            Mémoire vive : 752 Mio libres sur 4093 Mio
                   Processeur du serveur : undefined

-----------------------------------------

Unexpected Error Occured

on process undefined, nodejs v8.9.3

                       Version d'Horizon : 1.5
                         Serveur courant : main-shared
                   Canal de mises à jour : nightly
                 Temps de fonctionnement : 0.402ms
                  Plate-forme du serveur : Windows_NT
              Version de l'OS du serveur : 10.0.17763
                 Architecture du serveur : x64
                            Mémoire vive : 685 Mio libres sur 4093 Mio
                   Processeur du serveur : undefined

-----------------------------------------

Unexpected Error Occured

on process undefined, nodejs v8.9.3

                       Version d'Horizon : 1.5
                         Serveur courant : main-shared
                   Canal de mises à jour : nightly
                 Temps de fonctionnement : 0.44ms
                  Plate-forme du serveur : Windows_NT
              Version de l'OS du serveur : 10.0.17763
                 Architecture du serveur : x64
                            Mémoire vive : 743 Mio libres sur 4093 Mio
                   Processeur du serveur : undefined

-----------------------------------------

Unexpected Error Occured

on process undefined, nodejs v8.9.3

                       Version d'Horizon : 1.5
                         Serveur courant : main-shared
                   Canal de mises à jour : nightly
                 Temps de fonctionnement : 0.43ms
                  Plate-forme du serveur : Windows_NT
              Version de l'OS du serveur : 10.0.17763
                 Architecture du serveur : x64
                            Mémoire vive : 782 Mio libres sur 4093 Mio
                   Processeur du serveur : undefined

-----------------------------------------

Unexpected Error Occured

on process undefined, nodejs v8.9.3

                       Version d'Horizon : 1.5
                         Serveur courant : main-shared
                   Canal de mises à jour : nightly
                 Temps de fonctionnement : 0.605ms
                  Plate-forme du serveur : Windows_NT
              Version de l'OS du serveur : 10.0.17763
                 Architecture du serveur : x64
                            Mémoire vive : 743 Mio libres sur 4093 Mio
                   Processeur du serveur : undefined

-----------------------------------------

Unexpected Error Occured

on process undefined, nodejs v8.9.3

                       Version d'Horizon : 1.5
                         Serveur courant : main-shared
                   Canal de mises à jour : nightly
                 Temps de fonctionnement : 0.313ms
                  Plate-forme du serveur : Windows_NT
              Version de l'OS du serveur : 10.0.17763
                 Architecture du serveur : x64
                            Mémoire vive : 750 Mio libres sur 4093 Mio
                   Processeur du serveur : undefined

-----------------------------------------

Unexpected Error Occured

on process undefined, nodejs v8.9.3

                       Version d'Horizon : 1.5
                         Serveur courant : main-shared
                   Canal de mises à jour : nightly
                 Temps de fonctionnement : 0.563ms
                  Plate-forme du serveur : Windows_NT
              Version de l'OS du serveur : 10.0.17763
                 Architecture du serveur : x64
                            Mémoire vive : 513 Mio libres sur 4093 Mio
                   Processeur du serveur : undefined

-----------------------------------------

Unexpected Error Occured

on process undefined, nodejs v8.9.3

                       Version d'Horizon : 1.5
                         Serveur courant : main-shared
                   Canal de mises à jour : nightly
                 Temps de fonctionnement : 0.635ms
                  Plate-forme du serveur : Windows_NT
              Version de l'OS du serveur : 10.0.17763
                 Architecture du serveur : x64
                            Mémoire vive : 736 Mio libres sur 4093 Mio
                   Processeur du serveur : undefined

-----------------------------------------

Unexpected Error Occured

on process undefined, nodejs v8.9.3

                       Version d'Horizon : 1.5
                         Serveur courant : main-shared
                   Canal de mises à jour : nightly
                 Temps de fonctionnement : 0.266ms
                  Plate-forme du serveur : Windows_NT
              Version de l'OS du serveur : 10.0.17763
                 Architecture du serveur : x64
                            Mémoire vive : 742 Mio libres sur 4093 Mio
                   Processeur du serveur : undefined

-----------------------------------------

Unexpected Error Occured

on process undefined, nodejs v8.9.3

                       Version d'Horizon : 1.5
                         Serveur courant : main-shared
                   Canal de mises à jour : nightly
                 Temps de fonctionnement : 0.464ms
                  Plate-forme du serveur : Windows_NT
              Version de l'OS du serveur : 10.0.17763
                 Architecture du serveur : x64
                            Mémoire vive : 758 Mio libres sur 4093 Mio
                   Processeur du serveur : undefined

-----------------------------------------

Unexpected Error Occured

on process undefined, nodejs v8.9.3

                       Version d'Horizon : 1.5
                         Serveur courant : main-shared
                   Canal de mises à jour : nightly
                 Temps de fonctionnement : 0.374ms
                  Plate-forme du serveur : Windows_NT
              Version de l'OS du serveur : 10.0.17763
                 Architecture du serveur : x64
                            Mémoire vive : 643 Mio libres sur 4093 Mio
                   Processeur du serveur : undefined

-----------------------------------------

Unexpected Error Occured

on process undefined, nodejs v8.9.3

                       Version d'Horizon : 1.5
                         Serveur courant : main-shared
                   Canal de mises à jour : nightly
                 Temps de fonctionnement : 0.769ms
                  Plate-forme du serveur : Windows_NT
              Version de l'OS du serveur : 10.0.17763
                 Architecture du serveur : x64
                            Mémoire vive : 810 Mio libres sur 4093 Mio
                   Processeur du serveur : undefined

-----------------------------------------

Unexpected Error Occured

on process undefined, nodejs v8.9.3

                       Version d'Horizon : 1.5
                         Serveur courant : main-shared
                   Canal de mises à jour : nightly
                 Temps de fonctionnement : 0.329ms
                  Plate-forme du serveur : Windows_NT
              Version de l'OS du serveur : 10.0.17763
                 Architecture du serveur : x64
                            Mémoire vive : 515 Mio libres sur 4093 Mio
                   Processeur du serveur : undefined

-----------------------------------------

Unexpected Error Occured

on process undefined, nodejs v8.9.3

                       Version d'Horizon : 1.5
                         Serveur courant : main-shared
                   Canal de mises à jour : nightly
                 Temps de fonctionnement : 0.598ms
                  Plate-forme du serveur : Windows_NT
              Version de l'OS du serveur : 10.0.17763
                 Architecture du serveur : x64
                            Mémoire vive : 488 Mio libres sur 4093 Mio
                   Processeur du serveur : undefined

-----------------------------------------

Unexpected Error Occured

on process undefined, nodejs v8.9.3

                       Version d'Horizon : 1.5
                         Serveur courant : main-shared
                   Canal de mises à jour : nightly
                 Temps de fonctionnement : 0.406ms
                  Plate-forme du serveur : Windows_NT
              Version de l'OS du serveur : 10.0.17763
                 Architecture du serveur : x64
                            Mémoire vive : 478 Mio libres sur 4093 Mio
                   Processeur du serveur : undefined

-----------------------------------------

Unexpected Error Occured

on process undefined, nodejs v8.9.3

                       Version d'Horizon : 1.5
                         Serveur courant : main-shared
                   Canal de mises à jour : nightly
                 Temps de fonctionnement : 0.622ms
                  Plate-forme du serveur : Windows_NT
              Version de l'OS du serveur : 10.0.17763
                 Architecture du serveur : x64
                            Mémoire vive : 415 Mio libres sur 4093 Mio
                   Processeur du serveur : undefined

-----------------------------------------

Unexpected Error Occured

on process undefined, nodejs v8.9.3

                       Version d'Horizon : 1.5
                         Serveur courant : main-shared
                   Canal de mises à jour : nightly
                 Temps de fonctionnement : 0.338ms
                  Plate-forme du serveur : Windows_NT
              Version de l'OS du serveur : 10.0.17763
                 Architecture du serveur : x64
                            Mémoire vive : 503 Mio libres sur 4093 Mio
                   Processeur du serveur : undefined

-----------------------------------------

Unexpected Error Occured

on process undefined, nodejs v8.9.3

                       Version d'Horizon : 1.5
                         Serveur courant : main-shared
                   Canal de mises à jour : nightly
                 Temps de fonctionnement : 0.295ms
                  Plate-forme du serveur : Windows_NT
              Version de l'OS du serveur : 10.0.17763
                 Architecture du serveur : x64
                            Mémoire vive : 734 Mio libres sur 4093 Mio
                   Processeur du serveur : undefined

-----------------------------------------

Unexpected Error Occured

on process undefined, nodejs v8.9.3

                       Version d'Horizon : 1.5
                         Serveur courant : main-shared
                   Canal de mises à jour : nightly
                 Temps de fonctionnement : 0.268ms
                  Plate-forme du serveur : Windows_NT
              Version de l'OS du serveur : 10.0.17763
                 Architecture du serveur : x64
                            Mémoire vive : 726 Mio libres sur 4093 Mio
                   Processeur du serveur : undefined

-----------------------------------------

Unexpected Error Occured

on process undefined, nodejs v8.9.3

                       Version d'Horizon : 1.5
                         Serveur courant : main-shared
                   Canal de mises à jour : nightly
                 Temps de fonctionnement : 0.257ms
                  Plate-forme du serveur : Windows_NT
              Version de l'OS du serveur : 10.0.17763
                 Architecture du serveur : x64
                            Mémoire vive : 437 Mio libres sur 4093 Mio
                   Processeur du serveur : undefined

-----------------------------------------

Unexpected Error Occured

on process undefined, nodejs v8.9.3

                       Version d'Horizon : 1.5
                         Serveur courant : main-shared
                   Canal de mises à jour : nightly
                 Temps de fonctionnement : 0.318ms
                  Plate-forme du serveur : Windows_NT
              Version de l'OS du serveur : 10.0.17763
                 Architecture du serveur : x64
                            Mémoire vive : 641 Mio libres sur 4093 Mio
                   Processeur du serveur : undefined

-----------------------------------------

Unexpected Error Occured

on process undefined, nodejs v8.9.3

                       Version d'Horizon : 1.5
                         Serveur courant : main-shared
                   Canal de mises à jour : nightly
                 Temps de fonctionnement : 0.414ms
                  Plate-forme du serveur : Windows_NT
              Version de l'OS du serveur : 10.0.17763
                 Architecture du serveur : x64
                            Mémoire vive : 678 Mio libres sur 4093 Mio
                   Processeur du serveur : undefined

-----------------------------------------

Unexpected Error Occured

on process undefined, nodejs v8.9.3

                       Version d'Horizon : 1.5
                         Serveur courant : main-shared
                   Canal de mises à jour : nightly
                 Temps de fonctionnement : 0.233ms
                  Plate-forme du serveur : Windows_NT
              Version de l'OS du serveur : 10.0.17763
                 Architecture du serveur : x64
                            Mémoire vive : 564 Mio libres sur 4093 Mio
                   Processeur du serveur : undefined

-----------------------------------------

Unexpected Error Occured

on process undefined, nodejs v8.9.3

                       Version d'Horizon : 1.5
                         Serveur courant : main-shared
                   Canal de mises à jour : nightly
                 Temps de fonctionnement : 0.277ms
                  Plate-forme du serveur : Windows_NT
              Version de l'OS du serveur : 10.0.17763
                 Architecture du serveur : x64
                            Mémoire vive : 437 Mio libres sur 4093 Mio
                   Processeur du serveur : undefined

-----------------------------------------

Unexpected Error Occured

on process undefined, nodejs v8.9.3

                       Version d'Horizon : 1.5
                         Serveur courant : main-shared
                   Canal de mises à jour : nightly
                 Temps de fonctionnement : 0.397ms
                  Plate-forme du serveur : Windows_NT
              Version de l'OS du serveur : 10.0.17763
                 Architecture du serveur : x64
                            Mémoire vive : 798 Mio libres sur 4093 Mio
                   Processeur du serveur : undefined

-----------------------------------------

Unexpected Error Occured

on process undefined, nodejs v8.9.3

                       Version d'Horizon : 1.5
                         Serveur courant : main-shared
                   Canal de mises à jour : nightly
                 Temps de fonctionnement : 0.283ms
                  Plate-forme du serveur : Windows_NT
              Version de l'OS du serveur : 10.0.17763
                 Architecture du serveur : x64
                            Mémoire vive : 668 Mio libres sur 4093 Mio
                   Processeur du serveur : undefined

-----------------------------------------

Unexpected Error Occured

on process undefined, nodejs v8.9.3

                       Version d'Horizon : 1.5
                         Serveur courant : main-shared
                   Canal de mises à jour : nightly
                 Temps de fonctionnement : 0.299ms
                  Plate-forme du serveur : Windows_NT
              Version de l'OS du serveur : 10.0.17763
                 Architecture du serveur : x64
                            Mémoire vive : 614 Mio libres sur 4093 Mio
                   Processeur du serveur : undefined

-----------------------------------------

Unexpected Error Occured

on process undefined, nodejs v8.9.3

                       Version d'Horizon : 1.5
                         Serveur courant : main-shared
                   Canal de mises à jour : nightly
                 Temps de fonctionnement : 0.264ms
                  Plate-forme du serveur : Windows_NT
              Version de l'OS du serveur : 10.0.17763
                 Architecture du serveur : x64
                            Mémoire vive : 751 Mio libres sur 4093 Mio
                   Processeur du serveur : undefined

-----------------------------------------

Unexpected Error Occured

on process undefined, nodejs v8.9.3

                       Version d'Horizon : 1.5
                         Serveur courant : main-shared
                   Canal de mises à jour : nightly
                 Temps de fonctionnement : 0.358ms
                  Plate-forme du serveur : Windows_NT
              Version de l'OS du serveur : 10.0.17763
                 Architecture du serveur : x64
                            Mémoire vive : 696 Mio libres sur 4093 Mio
                   Processeur du serveur : undefined

-----------------------------------------

