
24/02/2019 13:09:18 : Connexion établie
24/02/2019 13:11:47 : Connexion établie
24/02/2019 13:14:06 : Connexion établie
24/02/2019 13:16:35 : Connexion établie
24/02/2019 13:20:48 : Connexion établie
24/02/2019 13:22:46 : Connexion établie
24/02/2019 13:23:00 : Distribution des informations de déboggage sur le salon #bot-horizon du serveur → Plug² ← 7.1 (S7:E2)
24/02/2019 13:25:36 : Connexion établie
24/02/2019 13:25:40 : Distribution des informations de déboggage sur le salon #bot-horizon du serveur → Plug² ← 7.1 (S7:E2)
24/02/2019 14:26:47 : Message envoyé sur le salon #📖global sur le serveur → Plug² ← 7.1 (S7:E2) : Mon pc
24/02/2019 14:27:06 : Message envoyé sur le salon #📖global sur le serveur → Plug² ← 7.1 (S7:E2) : Mon pc
24/02/2019 15:35:50 : Connexion établie
24/02/2019 15:36:38 : Connexion établie
24/02/2019 15:37:14 : Connexion établie
24/02/2019 15:37:33 : Distribution des informations de déboggage sur le salon #bot-horizon du serveur → Plug² ← 7.1 (S7:E2)
24/02/2019 18:31:37 : Connexion établie
24/02/2019 18:46:35 : Connexion établie
24/02/2019 18:48:44 : Connexion établie
24/02/2019 18:57:44 : Connexion établie
24/02/2019 18:59:16 : Connexion établie
24/02/2019 19:18:15 : Connexion établie
24/02/2019 19:19:12 : Connexion établie
24/02/2019 19:19:27 : Erreur de communication. Reconnexion en cours...
24/02/2019 19:19:33 : Connexion établie
24/02/2019 19:20:31 : Connexion établie
24/02/2019 19:21:15 : Erreur inconnue : [object Object]
24/02/2019 19:21:15 : Erreur de communication. Reconnexion en cours...
24/02/2019 19:24:54 : Connexion établie
24/02/2019 19:25:26 : Erreur inconnue : [object Object]
24/02/2019 19:25:26 : Erreur de communication. Reconnexion en cours...
24/02/2019 19:27:05 : Connexion établie
24/02/2019 19:27:13 : Erreur inconnue : [object Object]
24/02/2019 19:27:13 : Erreur de communication. Reconnexion en cours...
24/02/2019 19:32:14 : Erreur de communication. Redémarrage du client...
24/02/2019 19:36:50 : Connexion établie
24/02/2019 19:40:39 : Connexion établie
24/02/2019 19:40:56 : Erreur inconnue : [object Object]
24/02/2019 19:40:56 : Erreur de communication. Reconnexion en cours...
24/02/2019 19:41:26 : Connexion établie
24/02/2019 19:44:11 : Connexion établie
24/02/2019 19:49:47 : Connexion établie
24/02/2019 19:50:52 : Connexion établie
24/02/2019 19:55:10 : Connexion établie
24/02/2019 20:03:09 : Connexion établie
24/02/2019 20:04:02 : Connexion établie
24/02/2019 20:07:10 : Connexion établie
24/02/2019 20:09:08 : Connexion établie
24/02/2019 20:09:26 : Erreur inconnue : [object Object]
24/02/2019 20:09:26 : Erreur de communication. Reconnexion en cours...
24/02/2019 20:14:27 : Erreur de communication. Redémarrage du client...
24/02/2019 20:14:42 : Connexion établie
24/02/2019 21:02:44 : Connexion établie
24/02/2019 21:03:30 : Connexion établie
24/02/2019 21:16:00 : Connexion établie
24/02/2019 21:16:54 : Connexion établie
24/02/2019 21:17:40 : Connexion établie
24/02/2019 21:18:43 : Connexion établie
24/02/2019 21:18:48 : Erreur de communication. Reconnexion en cours...
24/02/2019 21:18:54 : Connexion établie
24/02/2019 21:19:23 : Connexion établie
24/02/2019 21:27:52 : Connexion établie
24/02/2019 21:30:10 : Connexion établie
24/02/2019 21:34:32 : Connexion établie
24/02/2019 22:09:46 : Connexion établie
24/02/2019 22:22:10 : Connexion établie
24/02/2019 22:23:45 : Connexion établie
24/02/2019 22:25:46 : Connexion établie