
24/02/2019 22:22:38 : Commande #762654987.4674065 de l'objet 1 effectuée par Minteck | ルカリオ validée
24/02/2019 22:23:58 : Commande #771024046.427142 de l'objet 1 effectuée par Minteck | ルカリオ validée
24/02/2019 22:25:56 : Commande #543844001.0381626 de l'objet 1 effectuée par Minteck | ルカリオ validée
24/02/2019 22:26:46 : Commande #815049450.9883285 de l'objet 1 effectuée par Horizon.Data validée
24/02/2019 22:26:50 : Commande #481719791.9879041 de l'objet 1 effectuée par Minteck | ルカリオ validée
24/02/2019 22:27:15 : Commande #789024482.1923108 de l'objet 1 effectuée par Minteck | ルカリオ validée
24/02/2019 22:27:18 : Commande #364645940.21796846 de l'objet 1 effectuée par Minteck | ルカリオ validée
24/02/2019 22:27:21 : Commande #303473268.2014862 de l'objet 1 effectuée par Minteck | ルカリオ validée
24/02/2019 22:27:27 : Commande #266791910.64177707 de l'objet 2 effectuée par Minteck | ルカリオ validée
25/02/2019 20:00:16 : Commande #487449465.38876057 de l'objet 1 effectuée par Horizon.Data validée
25/02/2019 20:00:21 : Commande #747402142.9864751 de l'objet 1 effectuée par Horizon.Data validée
25/02/2019 20:00:27 : Commande #231601212.47450653 de l'objet 1 effectuée par Horizon.Data validée
25/02/2019 21:24:16 : Commande #7117.081640955227 de l'objet donation-1 <@294910706250285056> effectuée par Minteck | ルカリオ validée
25/02/2019 21:28:59 : Commande #42679.115559767895 de l'objet donation-1 <@546089497478037515> effectuée par Minteck | ルカリオ validée
25/02/2019 22:20:26 : Commande #101985178.95648694 de l'objet 1 effectuée par Minteck | ルカリオ validée
25/02/2019 22:28:40 : Commande #27732.198080594004 de l'objet donation-1 <@392012706279981066> effectuée par Minteck | ルカリオ validée
25/02/2019 22:44:37 : Commande #684047676.1055523 de l'objet 1 effectuée par Minteck | ルカリオ validée
25/02/2019 22:44:42 : Commande #501068967.3607109 de l'objet 1 effectuée par Minteck | ルカリオ validée
25/02/2019 22:44:48 : Commande #184830698.77540627 de l'objet 1 effectuée par Minteck | ルカリオ validée
25/02/2019 22:44:50 : Commande #504597536.11224264 de l'objet 1 effectuée par Horizon.Data validée
25/02/2019 22:44:55 : Commande #477930415.29628825 de l'objet 1 effectuée par Minteck | ルカリオ validée
25/02/2019 22:44:57 : Commande #129576399.05435082 de l'objet 1 effectuée par Horizon.Data validée
25/02/2019 22:45:05 : Commande #192063986.858854 de l'objet 1 effectuée par Horizon.Data validée
25/02/2019 22:45:05 : Commande #1689717.013606538 de l'objet 1 effectuée par Minteck | ルカリオ validée
25/02/2019 22:45:11 : Commande #904252730.5781971 de l'objet 1 effectuée par Horizon.Data validée
25/02/2019 22:45:13 : Commande #518524672.2875389 de l'objet 1 effectuée par Minteck | ルカリオ validée
25/02/2019 22:45:19 : Commande #657626387.843535 de l'objet 1 effectuée par Horizon.Data validée
25/02/2019 22:45:23 : Commande #904931010.0285667 de l'objet 1 effectuée par Minteck | ルカリオ validée
25/02/2019 22:45:25 : Commande #449758421.8859958 de l'objet 2 effectuée par Horizon.Data validée
25/02/2019 22:45:30 : Commande #666042204.2377001 de l'objet 2 effectuée par Minteck | ルカリオ validée
25/02/2019 22:45:33 : Commande #521178572.90359676 de l'objet 1 effectuée par Horizon.Data validée
25/02/2019 22:45:42 : Commande #511878735.48328024 de l'objet 1 effectuée par Horizon.Data validée
25/02/2019 22:45:48 : Commande #636324650.1718111 de l'objet 1 effectuée par Horizon.Data validée
25/02/2019 22:45:57 : Commande #668701978.5532054 de l'objet 1 effectuée par Minteck | ルカリオ validée
25/02/2019 22:46:04 : Commande #725452952.5104363 de l'objet 1 effectuée par Minteck | ルカリオ validée
25/02/2019 22:46:22 : Commande #83836.68512260115 de l'objet donation-1 <@392012706279981066> effectuée par Minteck | ルカリオ validée
25/02/2019 22:46:26 : Commande #36746927.68436151 de l'objet 1 effectuée par Horizon.Data validée
25/02/2019 22:46:32 : Commande #227232936.291218 de l'objet 1 effectuée par Horizon.Data validée
25/02/2019 22:46:33 : Commande #77332.2908797829 de l'objet donation-1 <@392012706279981066> effectuée par Minteck | ルカリオ validée
25/02/2019 22:46:43 : Commande #937982987.6080006 de l'objet 2 effectuée par Horizon.Data validée
25/02/2019 22:46:52 : Commande #578923419.5872412 de l'objet 1 effectuée par Minteck | ルカリオ validée
25/02/2019 22:47:02 : Commande #135731522.17026263 de l'objet 1 effectuée par Minteck | ルカリオ validée
25/02/2019 22:47:09 : Commande #547678532.3940188 de l'objet 1 effectuée par Minteck | ルカリオ validée
25/02/2019 22:47:40 : Commande #671891913.6251776 de l'objet 2 effectuée par Minteck | ルカリオ validée
25/02/2019 22:47:41 : Commande #724831306.0120941 de l'objet 1 effectuée par Horizon.Data validée
25/02/2019 22:47:47 : Commande #111781628.1872427 de l'objet 1 effectuée par Minteck | ルカリオ validée
25/02/2019 22:47:52 : Commande #646085422.4932948 de l'objet 1 effectuée par Horizon.Data validée
25/02/2019 22:47:53 : Commande #229203811.82688266 de l'objet 1 effectuée par Minteck | ルカリオ validée
25/02/2019 22:47:58 : Commande #12535465.566162575 de l'objet 1 effectuée par Horizon.Data validée
25/02/2019 22:48:08 : Commande #724709369.9143988 de l'objet 1 effectuée par Horizon.Data validée
25/02/2019 22:48:14 : Commande #424282178.9491934 de l'objet 2 effectuée par Minteck | ルカリオ validée
25/02/2019 22:48:15 : Commande #405349669.83047324 de l'objet 1 effectuée par Horizon.Data validée
25/02/2019 22:48:22 : Commande #347450257.4129278 de l'objet 1 effectuée par Horizon.Data validée
25/02/2019 22:48:22 : Commande #310171652.0009566 de l'objet 1 effectuée par Minteck | ルカリオ validée
25/02/2019 22:48:31 : Commande #770531137.5915926 de l'objet 2 effectuée par Horizon.Data validée
25/02/2019 22:48:39 : Commande #565894636.70065 de l'objet 1 effectuée par Minteck | ルカリオ validée
25/02/2019 22:48:45 : Commande #734039352.7911091 de l'objet 1 effectuée par Minteck | ルカリオ validée
25/02/2019 22:48:46 : Commande #910271090.5763651 de l'objet 1 effectuée par Horizon.Data validée
25/02/2019 22:48:53 : Commande #878506655.2079096 de l'objet 1 effectuée par Horizon.Data validée
25/02/2019 22:48:53 : Commande #241734803.48100603 de l'objet 1 effectuée par Minteck | ルカリオ validée
25/02/2019 22:49:01 : Commande #200394271.78977877 de l'objet 1 effectuée par Horizon.Data validée
25/02/2019 22:49:02 : Commande #802224031.455748 de l'objet 1 effectuée par Minteck | ルカリオ validée
25/02/2019 22:49:07 : Commande #915496330.7937047 de l'objet 1 effectuée par Horizon.Data validée
25/02/2019 22:49:08 : Commande #191617994.7629412 de l'objet 1 effectuée par Minteck | ルカリオ validée
25/02/2019 22:49:12 : Commande #657258299.5160863 de l'objet 1 effectuée par Horizon.Data validée
25/02/2019 22:49:13 : Commande #762259651.7371193 de l'objet 1 effectuée par Minteck | ルカリオ validée
25/02/2019 22:49:18 : Commande #683710972.3411813 de l'objet 1 effectuée par Horizon.Data validée
25/02/2019 22:49:24 : Commande #29275296.437588666 de l'objet 1 effectuée par Horizon.Data validée
25/02/2019 22:49:26 : Commande #757451972.6247487 de l'objet 1 effectuée par Minteck | ルカリオ validée
25/02/2019 22:49:30 : Commande #758122186.5162863 de l'objet 1 effectuée par Horizon.Data validée
25/02/2019 22:49:37 : Commande #501551762.6455331 de l'objet 1 effectuée par Horizon.Data validée
25/02/2019 22:49:43 : Commande #739633666.969531 de l'objet 1 effectuée par Minteck | ルカリオ validée
25/02/2019 22:49:43 : Commande #464133916.5330315 de l'objet 1 effectuée par Horizon.Data validée
25/02/2019 22:49:50 : Commande #316447317.8589607 de l'objet 1 effectuée par Minteck | ルカリオ validée
25/02/2019 22:49:52 : Commande #470776149.86390036 de l'objet 2 effectuée par Horizon.Data validée
25/02/2019 22:49:58 : Commande #152575416.1106771 de l'objet 2 effectuée par Horizon.Data validée
25/02/2019 22:50:06 : Commande #361314686.480437 de l'objet 2 effectuée par Minteck | ルカリオ validée
25/02/2019 22:50:13 : Commande #402907315.36988497 de l'objet 2 effectuée par Minteck | ルカリオ validée
25/02/2019 22:50:16 : Commande #943167912.3851537 de l'objet 3 effectuée par Horizon.Data validée
25/02/2019 22:50:22 : Commande #161291486.91880104 de l'objet 3 effectuée par Minteck | ルカリオ validée
25/02/2019 22:50:41 : Commande #36733.91102418936 de l'objet donation-1 <@392012706279981066> effectuée par Minteck | ルカリオ validée
26/02/2019 19:11:57 : Commande #28197.663542910308 de l'objet donation-1 <@470606272761430021> effectuée par Minteck | ルカリオ validée
26/02/2019 19:16:08 : Commande #198387827.16512457 de l'objet 1 effectuée par Rapha_46 validée
26/02/2019 19:16:54 : Commande #52181766.273392364 de l'objet 1 effectuée par Rapha_46 validée
26/02/2019 19:17:00 : Commande #539974016.3861003 de l'objet 1 effectuée par Rapha_46 validée
19/03/2019 19:48:17 [1] : Commande #71735.88644002037 de l'objet donation-1 <@294910706250285056> effectuée par Serena validée
19/03/2019 19:48:58 [1] : Commande #17813.367279050468 de l'objet donation-1 <@546089497478037515> effectuée par Minteck | ルカリオ validée
16/06/2019 18:32:51 [1] : Commande #79648.18915462594 de l'objet donation-1 <@546089497478037515> effectuée par Minteck | 生きます validée
16/06/2019 22:45:43 [2] : Commande #11202.299481467791 de l'objet donation-1 <@546770319575089175> effectuée par Minteck | 生きます validée
16/06/2019 22:49:28 [2] : Commande #12847.691269049052 de l'objet donation-1 <@546770319575089175> effectuée par Minteck | 生きます validée
16/06/2019 22:51:59 [2] : Commande #37765.261685801685 de l'objet donation-1 <@546770319575089175> effectuée par Minteck | 生きます validée